
best found division for process: 6
least dislike : 12.00

dislike array: 
0.00 4.00 7.00 8.00 6.00 4.00 6.00 7.00 3.00 10.00 2.00 3.00 8.00 1.00 10.00 4.00 7.00 1.00 7.00 3.00 
0.00 0.00 7.00 2.00 9.00 8.00 10.00 3.00 1.00 3.00 4.00 8.00 6.00 10.00 3.00 3.00 9.00 10.00 8.00 4.00 
0.00 0.00 0.00 7.00 2.00 3.00 10.00 4.00 2.00 10.00 5.00 8.00 9.00 5.00 6.00 1.00 4.00 7.00 2.00 1.00 
0.00 0.00 0.00 0.00 7.00 4.00 3.00 1.00 7.00 2.00 6.00 6.00 5.00 8.00 7.00 6.00 7.00 10.00 4.00 8.00 
0.00 0.00 0.00 0.00 0.00 5.00 6.00 3.00 6.00 5.00 8.00 5.00 5.00 4.00 1.00 8.00 9.00 7.00 9.00 9.00 
0.00 0.00 0.00 0.00 0.00 0.00 5.00 4.00 2.00 5.00 10.00 3.00 1.00 7.00 9.00 10.00 3.00 7.00 7.00 5.00 
0.00 0.00 0.00 0.00 0.00 0.00 0.00 10.00 6.00 1.00 5.00 9.00 8.00 2.00 8.00 3.00 8.00 3.00 3.00 7.00 
0.00 0.00 0.00 0.00 0.00 0.00 0.00 0.00 2.00 1.00 7.00 2.00 6.00 10.00 5.00 10.00 1.00 10.00 2.00 8.00 
0.00 0.00 0.00 0.00 0.00 0.00 0.00 0.00 0.00 8.00 2.00 2.00 6.00 10.00 8.00 8.00 7.00 8.00 4.00 7.00 
0.00 0.00 0.00 0.00 0.00 0.00 0.00 0.00 0.00 0.00 6.00 7.00 4.00 10.00 5.00 9.00 2.00 3.00 10.00 4.00 
0.00 0.00 0.00 0.00 0.00 0.00 0.00 0.00 0.00 0.00 0.00 10.00 1.00 9.00 9.00 6.00 1.00 10.00 7.00 4.00 
0.00 0.00 0.00 0.00 0.00 0.00 0.00 0.00 0.00 0.00 0.00 0.00 9.00 6.00 7.00 2.00 2.00 6.00 10.00 9.00 
0.00 0.00 0.00 0.00 0.00 0.00 0.00 0.00 0.00 0.00 0.00 0.00 0.00 5.00 9.00 2.00 1.00 4.00 1.00 5.00 
0.00 0.00 0.00 0.00 0.00 0.00 0.00 0.00 0.00 0.00 0.00 0.00 0.00 0.00 5.00 5.00 5.00 8.00 7.00 4.00 
0.00 0.00 0.00 0.00 0.00 0.00 0.00 0.00 0.00 0.00 0.00 0.00 0.00 0.00 0.00 2.00 8.00 6.00 10.00 7.00 
0.00 0.00 0.00 0.00 0.00 0.00 0.00 0.00 0.00 0.00 0.00 0.00 0.00 0.00 0.00 0.00 3.00 2.00 8.00 9.00 
0.00 0.00 0.00 0.00 0.00 0.00 0.00 0.00 0.00 0.00 0.00 0.00 0.00 0.00 0.00 0.00 0.00 6.00 8.00 5.00 
0.00 0.00 0.00 0.00 0.00 0.00 0.00 0.00 0.00 0.00 0.00 0.00 0.00 0.00 0.00 0.00 0.00 0.00 2.00 9.00 
0.00 0.00 0.00 0.00 0.00 0.00 0.00 0.00 0.00 0.00 0.00 0.00 0.00 0.00 0.00 0.00 0.00 0.00 0.00 6.00 
0.00 0.00 0.00 0.00 0.00 0.00 0.00 0.00 0.00 0.00 0.00 0.00 0.00 0.00 0.00 0.00 0.00 0.00 0.00 0.00 
solution:
5 7 1 4 3 9 2 4 7 2 0 8 9 5 3 8 0 6 6 1 